0 info it worked if it ends with ok
1 verbose cli [ '/usr/bin/node', '/usr/bin/npm', 'run', 'build-experimental' ]
2 info using npm@3.10.10
3 info using node@v6.17.1
4 verbose run-script [ 'prebuild-experimental',
4 verbose run-script   'build-experimental',
4 verbose run-script   'postbuild-experimental' ]
5 info lifecycle alpheios-embedded@3.1.2~prebuild-experimental: alpheios-embedded@3.1.2
6 silly lifecycle alpheios-embedded@3.1.2~prebuild-experimental: no script for prebuild-experimental, continuing
7 info lifecycle alpheios-embedded@3.1.2~build-experimental: alpheios-embedded@3.1.2
8 verbose lifecycle alpheios-embedded@3.1.2~build-experimental: unsafe-perm in lifecycle true
9 verbose lifecycle alpheios-embedded@3.1.2~build-experimental: PATH: /usr/lib/node_modules/npm/bin/node-gyp-bin:/home/balmas/workspace/embed-lib/node_modules/.bin:/usr/lib/node_modules/npm/bin/node-gyp-bin:/home/balmas/workspace/embed-lib/node_modules/.bin:/home/balmas/bin:/home/balmas/.local/bin:/usr/local/sbin:/usr/local/bin:/usr/sbin:/usr/bin:/sbin:/bin:/usr/games:/usr/local/games:/snap/bin
10 verbose lifecycle alpheios-embedded@3.1.2~build-experimental: CWD: /home/balmas/workspace/embed-lib
11 silly lifecycle alpheios-embedded@3.1.2~build-experimental: Args: [ '-c',
11 silly lifecycle   'node --experimental-modules ./node_modules/alpheios-node-build/dist/build.mjs webpack development app config.mjs' ]
12 silly lifecycle alpheios-embedded@3.1.2~build-experimental: Returned: code: 9  signal: null
13 info lifecycle alpheios-embedded@3.1.2~build-experimental: Failed to exec build-experimental script
14 verbose stack Error: alpheios-embedded@3.1.2 build-experimental: `node --experimental-modules ./node_modules/alpheios-node-build/dist/build.mjs webpack development app config.mjs`
14 verbose stack Exit status 9
14 verbose stack     at EventEmitter.<anonymous> (/usr/lib/node_modules/npm/lib/utils/lifecycle.js:255:16)
14 verbose stack     at emitTwo (events.js:106:13)
14 verbose stack     at EventEmitter.emit (events.js:191:7)
14 verbose stack     at ChildProcess.<anonymous> (/usr/lib/node_modules/npm/lib/utils/spawn.js:40:14)
14 verbose stack     at emitTwo (events.js:106:13)
14 verbose stack     at ChildProcess.emit (events.js:191:7)
14 verbose stack     at maybeClose (internal/child_process.js:920:16)
14 verbose stack     at Process.ChildProcess._handle.onexit (internal/child_process.js:230:5)
15 verbose pkgid alpheios-embedded@3.1.2
16 verbose cwd /home/balmas/workspace/embed-lib
17 error Linux 4.15.0-66-generic
18 error argv "/usr/bin/node" "/usr/bin/npm" "run" "build-experimental"
19 error node v6.17.1
20 error npm  v3.10.10
21 error code ELIFECYCLE
22 error alpheios-embedded@3.1.2 build-experimental: `node --experimental-modules ./node_modules/alpheios-node-build/dist/build.mjs webpack development app config.mjs`
22 error Exit status 9
23 error Failed at the alpheios-embedded@3.1.2 build-experimental script 'node --experimental-modules ./node_modules/alpheios-node-build/dist/build.mjs webpack development app config.mjs'.
23 error Make sure you have the latest version of node.js and npm installed.
23 error If you do, this is most likely a problem with the alpheios-embedded package,
23 error not with npm itself.
23 error Tell the author that this fails on your system:
23 error     node --experimental-modules ./node_modules/alpheios-node-build/dist/build.mjs webpack development app config.mjs
23 error You can get information on how to open an issue for this project with:
23 error     npm bugs alpheios-embedded
23 error Or if that isn't available, you can get their info via:
23 error     npm owner ls alpheios-embedded
23 error There is likely additional logging output above.
24 verbose exit [ 1, true ]
